<?xml version="1.0" encoding="UTF-8"?>
<!-- Generated by org.testng.reporters.JUnitXMLReporter -->
<testsuite ignored="0" hostname="DESKTOP-GTM5910" failures="0" tests="4" name="Default test" time="2.229" errors="0" timestamp="2023-10-16T20:04:35 IST">
  <testcase classname="test.E2E_AddAttachment" name="loginToJira" time="1.62"/>
  <testcase classname="test.E2E_AddAttachment" name="createStory" time="0.172"/>
  <testcase classname="test.E2E_AddAttachment" name="getstory" time="0.091"/>
  <testcase classname="test.E2E_AddAttachment" name="addattachment" time="0.29"/>
</testsuite> <!-- Default test -->
